2026-04-21T22:41:13,130 [main] INFO  Main:12 - ========== ПРОГРАМ ЭХЭЛЛЭА ==========
2026-04-21T22:41:13,150 [main] INFO  BankAccount:12 - BankAccount үүслэ. Эхний үлдэгдэл: 1000.0
2026-04-21T22:41:13,152 [main] INFO  Main:16 - --- Туршилт 1: Хэвийн хийлт ---
2026-04-21T22:41:13,152 [main] DEBUG BankAccount:29 - Хийхийн өмнөх үлдэгдэл: 1000.0
2026-04-21T22:41:13,153 [main] INFO  BankAccount:33 - Амжилттай хийлэн. Дүн=500.0, Шинэ үлдэгдэл=1500.0
2026-04-21T22:41:13,153 [main] INFO  Main:19 - --- Туршилт 2: Хэвийн авалт ---
2026-04-21T22:41:13,154 [main] DEBUG BankAccount:47 - Авахын өмнөх үлдэгдэл: 1500.0
2026-04-21T22:41:13,155 [main] INFO  BankAccount:57 - Амжилттай авлаа. Дүн=200.0, Шинэ үлдэгдэл=1300.0
2026-04-21T22:41:13,155 [main] INFO  Main:22 - --- Туршилт 3: Сөрөг дүн оруулах (WARN хүлээгдэж байна) ---
2026-04-21T22:41:13,156 [main] WARN  BankAccount:20 - Буруу оролт: amount=-100.0 сөрөг байна. Үйлдэл цуцлагдлаа.
2026-04-21T22:41:13,157 [main] INFO  Main:25 - --- Туршилт 4: Үлдэгдэлээс их авалт (ERROR хүлээгдэж байна) ---
2026-04-21T22:41:13,157 [main] DEBUG BankAccount:47 - Авахын өмнөх үлдэгдэл: 1300.0
2026-04-21T22:41:13,158 [main] ERROR BankAccount:50 - Үлдэгдэл хүрэлцэхгүй! Авах гэсэн=999999.0, Одоогийн үлдэгдэл=1300.0
2026-04-21T22:41:13,159 [main] INFO  Main:28 - --- Туршилт 5: Эцсийн үлдэгдэл шалгах ---
2026-04-21T22:41:13,160 [main] INFO  Main:30 - Эцсийн үлдэгдэл: 1300.0
2026-04-21T22:41:13,160 [main] INFO  Main:32 - --- Туршилт 6: FATAL симуляц ---
2026-04-21T22:41:13,161 [main] FATAL BankAccount:68 - КРИТИК АЛДАА: Тохиргооны файл олдсонгүй! Систем зогсоно.
2026-04-21T22:41:13,161 [main] INFO  Main:35 - --- Туршилт 7: Нууц мэдээлэл маскалах ---
2026-04-21T22:41:13,162 [main] INFO  BankAccount:78 - Картаар үйлдэл хийлэн: 12***56
2026-04-21T22:41:13,163 [main] INFO  Main:38 - ========== CUSTOMER ТУРШИЛТ ==========
2026-04-21T22:41:13,164 [main] DEBUG Customer:16 - Customer үүслэ: name=Болд, email=bold@gmail.com
2026-04-21T22:41:13,165 [main] DEBUG Customer:33 - @ тэмдэгтийн байрлал: 4
2026-04-21T22:41:13,166 [main] DEBUG Customer:36 - Олдсон домэйн: GMAIL.COM
2026-04-21T22:41:13,166 [main] INFO  Main:41 - Болд -ийн домэйн: GMAIL.COM
2026-04-21T22:41:13,167 [main] DEBUG Customer:16 - Customer үүслэ: name=Гүндэгмаа, email=null
2026-04-21T22:41:13,167 [main] WARN  Customer:23 - email утга null байна. getDomain() ажиллахгүй. 'UNKNOWN' буцаана.
2026-04-21T22:41:13,167 [main] INFO  Main:44 - Гүндэгмаа -ийн домэйн: UNKNOWN
2026-04-21T22:41:13,168 [main] DEBUG Customer:16 - Customer үүслэ: name=Дорж, email=dorj-email-buruu
2026-04-21T22:41:13,168 [main] WARN  Customer:28 - email буруу формат байна: dorj-email-buruu. 'INVALID' буцаана.
2026-04-21T22:41:13,169 [main] INFO  Main:47 - Дорж -ийн домэйн: INVALID
2026-04-21T22:41:13,169 [main] INFO  Main:49 - ========== ПРОГРАМ ДУУСЛАА ==========
2026-04-21T22:42:40,326 [main] INFO  Main:12 - ========== ПРОГРАМ ЭХЭЛЛЭА ==========
2026-04-21T22:42:40,342 [main] INFO  BankAccount:12 - BankAccount үүслэ. Эхний үлдэгдэл: 1000.0
2026-04-21T22:42:40,343 [main] INFO  Main:16 - --- Туршилт 1: Хэвийн хийлт ---
2026-04-21T22:42:40,344 [main] DEBUG BankAccount:29 - Хийхийн өмнөх үлдэгдэл: 1000.0
2026-04-21T22:42:40,344 [main] INFO  BankAccount:33 - Амжилттай хийлэн. Дүн=500.0, Шинэ үлдэгдэл=1500.0
2026-04-21T22:42:40,345 [main] INFO  Main:19 - --- Туршилт 2: Хэвийн авалт ---
2026-04-21T22:42:40,346 [main] DEBUG BankAccount:47 - Авахын өмнөх үлдэгдэл: 1500.0
2026-04-21T22:42:40,346 [main] INFO  BankAccount:57 - Амжилттай авлаа. Дүн=200.0, Шинэ үлдэгдэл=1300.0
2026-04-21T22:42:40,347 [main] INFO  Main:22 - --- Туршилт 3: Сөрөг дүн оруулах (WARN хүлээгдэж байна) ---
2026-04-21T22:42:40,347 [main] WARN  BankAccount:20 - Буруу оролт: amount=-100.0 сөрөг байна. Үйлдэл цуцлагдлаа.
2026-04-21T22:42:40,348 [main] INFO  Main:25 - --- Туршилт 4: Үлдэгдэлээс их авалт (ERROR хүлээгдэж байна) ---
2026-04-21T22:42:40,349 [main] DEBUG BankAccount:47 - Авахын өмнөх үлдэгдэл: 1300.0
2026-04-21T22:42:40,349 [main] ERROR BankAccount:50 - Үлдэгдэл хүрэлцэхгүй! Авах гэсэн=999999.0, Одоогийн үлдэгдэл=1300.0
2026-04-21T22:42:40,351 [main] INFO  Main:28 - --- Туршилт 5: Эцсийн үлдэгдэл шалгах ---
2026-04-21T22:42:40,351 [main] INFO  Main:30 - Эцсийн үлдэгдэл: 1300.0
2026-04-21T22:42:40,352 [main] INFO  Main:32 - --- Туршилт 6: FATAL симуляц ---
2026-04-21T22:42:40,352 [main] FATAL BankAccount:68 - КРИТИК АЛДАА: Тохиргооны файл олдсонгүй! Систем зогсоно.
2026-04-21T22:42:40,353 [main] INFO  Main:35 - --- Туршилт 7: Нууц мэдээлэл маскалах ---
2026-04-21T22:42:40,355 [main] INFO  BankAccount:78 - Картаар үйлдэл хийлэн: 12***56
2026-04-21T22:42:40,356 [main] INFO  Main:38 - ========== CUSTOMER ТУРШИЛТ ==========
2026-04-21T22:42:40,357 [main] DEBUG Customer:16 - Customer үүслэ: name=Болд, email=bold@gmail.com
2026-04-21T22:42:40,358 [main] DEBUG Customer:33 - @ тэмдэгтийн байрлал: 4
2026-04-21T22:42:40,358 [main] DEBUG Customer:36 - Олдсон домэйн: GMAIL.COM
2026-04-21T22:42:40,359 [main] INFO  Main:41 - Болд -ийн домэйн: GMAIL.COM
2026-04-21T22:42:40,359 [main] DEBUG Customer:16 - Customer үүслэ: name=Гүндэгмаа, email=null
2026-04-21T22:42:40,360 [main] WARN  Customer:23 - email утга null байна. getDomain() ажиллахгүй. 'UNKNOWN' буцаана.
2026-04-21T22:42:40,360 [main] INFO  Main:44 - Гүндэгмаа -ийн домэйн: UNKNOWN
2026-04-21T22:42:40,362 [main] DEBUG Customer:16 - Customer үүслэ: name=Дорж, email=dorj-email-buruu
2026-04-21T22:42:40,362 [main] WARN  Customer:28 - email буруу формат байна: dorj-email-buruu. 'INVALID' буцаана.
2026-04-21T22:42:40,363 [main] INFO  Main:47 - Дорж -ийн домэйн: INVALID
2026-04-21T22:42:40,363 [main] INFO  Main:49 - ========== ПРОГРАМ ДУУСЛАА ==========
2026-04-21T22:45:10,803 [main] INFO  Main:12 - ========== ПРОГРАМ ЭХЭЛЛЭА ==========
2026-04-21T22:45:10,823 [main] INFO  BankAccount:12 - BankAccount үүслэ. Эхний үлдэгдэл: 1000.0
2026-04-21T22:45:10,824 [main] INFO  Main:16 - --- Туршилт 1: Хэвийн хийлт ---
2026-04-21T22:45:10,825 [main] DEBUG BankAccount:29 - Хийхийн өмнөх үлдэгдэл: 1000.0
2026-04-21T22:45:10,826 [main] INFO  BankAccount:33 - Амжилттай хийлэн. Дүн=500.0, Шинэ үлдэгдэл=1500.0
2026-04-21T22:45:10,826 [main] INFO  Main:19 - --- Туршилт 2: Хэвийн авалт ---
2026-04-21T22:45:10,828 [main] DEBUG BankAccount:47 - Авахын өмнөх үлдэгдэл: 1500.0
2026-04-21T22:45:10,829 [main] INFO  BankAccount:57 - Амжилттай авлаа. Дүн=200.0, Шинэ үлдэгдэл=1300.0
2026-04-21T22:45:10,829 [main] INFO  Main:22 - --- Туршилт 3: Сөрөг дүн оруулах (WARN хүлээгдэж байна) ---
2026-04-21T22:45:10,829 [main] WARN  BankAccount:20 - Буруу оролт: amount=-100.0 сөрөг байна. Үйлдэл цуцлагдлаа.
2026-04-21T22:45:10,830 [main] INFO  Main:25 - --- Туршилт 4: Үлдэгдэлээс их авалт (ERROR хүлээгдэж байна) ---
2026-04-21T22:45:10,832 [main] DEBUG BankAccount:47 - Авахын өмнөх үлдэгдэл: 1300.0
2026-04-21T22:45:10,832 [main] ERROR BankAccount:50 - Үлдэгдэл хүрэлцэхгүй! Авах гэсэн=999999.0, Одоогийн үлдэгдэл=1300.0
2026-04-21T22:45:10,833 [main] INFO  Main:28 - --- Туршилт 5: Эцсийн үлдэгдэл шалгах ---
2026-04-21T22:45:10,833 [main] INFO  Main:30 - Эцсийн үлдэгдэл: 1300.0
2026-04-21T22:45:10,834 [main] INFO  Main:32 - --- Туршилт 6: FATAL симуляц ---
2026-04-21T22:45:10,834 [main] FATAL BankAccount:68 - КРИТИК АЛДАА: Тохиргооны файл олдсонгүй! Систем зогсоно.
2026-04-21T22:45:10,834 [main] INFO  Main:35 - --- Туршилт 7: Нууц мэдээлэл маскалах ---
2026-04-21T22:45:10,836 [main] INFO  BankAccount:78 - Картаар үйлдэл хийлэн: 12***56
2026-04-21T22:45:10,837 [main] INFO  Main:38 - ========== CUSTOMER ТУРШИЛТ ==========
2026-04-21T22:45:10,838 [main] DEBUG Customer:16 - Customer үүслэ: name=Болд, email=bold@gmail.com
2026-04-21T22:45:10,838 [main] DEBUG Customer:33 - @ тэмдэгтийн байрлал: 4
2026-04-21T22:45:10,839 [main] DEBUG Customer:36 - Олдсон домэйн: GMAIL.COM
2026-04-21T22:45:10,841 [main] INFO  Main:41 - Болд -ийн домэйн: GMAIL.COM
2026-04-21T22:45:10,841 [main] DEBUG Customer:16 - Customer үүслэ: name=Гүндэгмаа, email=null
2026-04-21T22:45:10,842 [main] WARN  Customer:23 - email утга null байна. getDomain() ажиллахгүй. 'UNKNOWN' буцаана.
2026-04-21T22:45:10,842 [main] INFO  Main:44 - Гүндэгмаа -ийн домэйн: UNKNOWN
2026-04-21T22:45:10,843 [main] DEBUG Customer:16 - Customer үүслэ: name=Дорж, email=dorj-email-buruu
2026-04-21T22:45:10,843 [main] WARN  Customer:28 - email буруу формат байна: dorj-email-buruu. 'INVALID' буцаана.
2026-04-21T22:45:10,845 [main] INFO  Main:47 - Дорж -ийн домэйн: INVALID
2026-04-21T22:45:10,845 [main] INFO  Main:49 - ========== ПРОГРАМ ДУУСЛАА ==========
2026-04-21T22:53:14,852 [main] INFO  Main:12 - ========== ПРОГРАМ ЭХЭЛЛЭА ==========
2026-04-21T22:53:14,915 [main] INFO  BankAccount:12 - BankAccount үүслэ. Эхний үлдэгдэл: 1000.0
2026-04-21T22:53:14,917 [main] INFO  Main:16 - --- Туршилт 1: Хэвийн хийлт ---
2026-04-21T22:53:14,918 [main] DEBUG BankAccount:29 - Хийхийн өмнөх үлдэгдэл: 1000.0
2026-04-21T22:53:14,919 [main] INFO  BankAccount:33 - Амжилттай хийлэн. Дүн=500.0, Шинэ үлдэгдэл=1500.0
2026-04-21T22:53:14,920 [main] INFO  Main:19 - --- Туршилт 2: Хэвийн авалт ---
2026-04-21T22:53:14,921 [main] DEBUG BankAccount:47 - Авахын өмнөх үлдэгдэл: 1500.0
2026-04-21T22:53:14,922 [main] INFO  BankAccount:57 - Амжилттай авлаа. Дүн=200.0, Шинэ үлдэгдэл=1300.0
2026-04-21T22:53:14,923 [main] INFO  Main:22 - --- Туршилт 3: Сөрөг дүн оруулах (WARN хүлээгдэж байна) ---
2026-04-21T22:53:14,925 [main] WARN  BankAccount:20 - Буруу оролт: amount=-100.0 сөрөг байна. Үйлдэл цуцлагдлаа.
2026-04-21T22:53:14,926 [main] INFO  Main:25 - --- Туршилт 4: Үлдэгдэлээс их авалт (ERROR хүлээгдэж байна) ---
2026-04-21T22:53:14,927 [main] DEBUG BankAccount:47 - Авахын өмнөх үлдэгдэл: 1300.0
2026-04-21T22:53:14,928 [main] ERROR BankAccount:50 - Үлдэгдэл хүрэлцэхгүй! Авах гэсэн=999999.0, Одоогийн үлдэгдэл=1300.0
2026-04-21T22:53:14,929 [main] INFO  Main:28 - --- Туршилт 5: Эцсийн үлдэгдэл шалгах ---
2026-04-21T22:53:14,930 [main] INFO  Main:30 - Эцсийн үлдэгдэл: 1300.0
2026-04-21T22:53:14,931 [main] INFO  Main:32 - --- Туршилт 6: FATAL симуляц ---
2026-04-21T22:53:14,932 [main] FATAL BankAccount:68 - КРИТИК АЛДАА: Тохиргооны файл олдсонгүй! Систем зогсоно.
2026-04-21T22:53:14,934 [main] INFO  Main:35 - --- Туршилт 7: Нууц мэдээлэл маскалах ---
2026-04-21T22:53:14,935 [main] INFO  BankAccount:78 - Картаар үйлдэл хийлэн: 12***56
2026-04-21T22:53:14,937 [main] INFO  Main:38 - ========== CUSTOMER ТУРШИЛТ ==========
2026-04-21T22:53:14,963 [main] DEBUG Customer:16 - Customer үүслэ: name=Болд, email=bold@gmail.com
2026-04-21T22:53:14,964 [main] DEBUG Customer:33 - @ тэмдэгтийн байрлал: 4
2026-04-21T22:53:14,965 [main] DEBUG Customer:36 - Олдсон домэйн: GMAIL.COM
2026-04-21T22:53:14,966 [main] INFO  Main:41 - Болд -ийн домэйн: GMAIL.COM
2026-04-21T22:53:14,967 [main] DEBUG Customer:16 - Customer үүслэ: name=Гүндэгмаа, email=null
2026-04-21T22:53:14,968 [main] WARN  Customer:23 - email утга null байна. getDomain() ажиллахгүй. 'UNKNOWN' буцаана.
2026-04-21T22:53:14,969 [main] INFO  Main:44 - Гүндэгмаа -ийн домэйн: UNKNOWN
2026-04-21T22:53:14,969 [main] DEBUG Customer:16 - Customer үүслэ: name=Дорж, email=dorj-email-buruu
2026-04-21T22:53:14,971 [main] WARN  Customer:28 - email буруу формат байна: dorj-email-buruu. 'INVALID' буцаана.
2026-04-21T22:53:14,972 [main] INFO  Main:47 - Дорж -ийн домэйн: INVALID
2026-04-21T22:53:14,973 [main] INFO  Main:49 - ========== ПРОГРАМ ДУУСЛАА ==========
